<?xml version="1.0" encoding="UTF-8"?>
<!-- Generated by org.testng.reporters.JUnitXMLReporter -->
<testsuite hostname="DIN37000035" name="Default test(failed)" tests="4" failures="4" timestamp="28 Jun 2019 06:20:32 GMT" time="247.58" errors="0">
  <testcase name="allowanceRules_Earlyupgrade_PAYM" time="0.005" classname="com.Descisioning.tests.AllowanceRules">
    <failure type="java.lang.NumberFormatException" message="null">
      <![CDATA[java.lang.NumberFormatException: null
	at java.lang.Integer.parseInt(Unknown Source)
	at java.lang.Integer.parseInt(Unknown Source)
	at com.Descisioning.tests.AllowanceRules.allowanceRules_Earlyupgrade_PAYM(AllowanceRules.java:312)
... Removed 24 stack frames]]>
    </failure>
  </testcase> <!-- allowanceRules_Earlyupgrade_PAYM -->
  <testcase name="allowanceRules_Earlyupgrade_PAYM" time="0.001" classname="com.Descisioning.tests.AllowanceRules">
    <failure type="java.lang.NumberFormatException" message="null">
      <![CDATA[java.lang.NumberFormatException: null
	at java.lang.Integer.parseInt(Unknown Source)
	at java.lang.Integer.parseInt(Unknown Source)
	at com.Descisioning.tests.AllowanceRules.allowanceRules_Earlyupgrade_PAYM(AllowanceRules.java:312)
... Removed 24 stack frames]]>
    </failure>
  </testcase> <!-- allowanceRules_Earlyupgrade_PAYM -->
  <testcase name="allowanceRules_Earlyupgrade_PAYM" time="87.125" classname="com.Descisioning.tests.AllowanceRules">
    <failure type="junit.framework.AssertionFailedError">
      <![CDATA[junit.framework.AssertionFailedError
	at junit.framework.Assert.fail(Assert.java:55)
	at junit.framework.Assert.fail(Assert.java:64)
	at com.DigitalMyEE.pages.MyEEPAYMLandingPage.verifyTheTitle(MyEEPAYMLandingPage.java:116)
	at com.Descisioning.tests.AllowanceRules.allowanceRules_Earlyupgrade_PAYM(AllowanceRules.java:353)
... Removed 24 stack frames]]>
    </failure>
  </testcase> <!-- allowanceRules_Earlyupgrade_PAYM -->
  <testcase name="allowanceRules_Earlyupgrade_PAYM" time="134.696" classname="com.Descisioning.tests.AllowanceRules">
    <failure type="junit.framework.AssertionFailedError">
      <![CDATA[junit.framework.AssertionFailedError
	at junit.framework.Assert.fail(Assert.java:55)
	at junit.framework.Assert.fail(Assert.java:64)
	at com.DigitalMyEE.pages.MyEEPAYMLandingPage.verifyTheTitle(MyEEPAYMLandingPage.java:116)
	at com.Descisioning.tests.AllowanceRules.allowanceRules_Earlyupgrade_PAYM(AllowanceRules.java:353)
... Removed 24 stack frames]]>
    </failure>
  </testcase> <!-- allowanceRules_Earlyupgrade_PAYM -->
</testsuite> <!-- Default test(failed) -->
